<?xml version="1.0" encoding="UTF-8"?>
<testsuites name="Mocha Tests" time="0.0820" tests="3" failures="0">
  <testsuite name="Root Suite" timestamp="2020-11-29T13:21:18" tests="0" time="0.0000" failures="0">
  </testsuite>
  <testsuite name="user creation page" timestamp="2020-11-29T13:21:18" tests="3" file="/Users/seanloke/Desktop/side project/devops/1/AppCIBuildTest/src/test/integration/user-creation.test.js" time="0.0820" failures="0">
    <testcase name="user creation page loads correctly" time="0.0020" classname="loads correctly">
    </testcase>
    <testcase name="user creation page lists a user if there is one" time="0.0640" classname="lists a user if there is one">
    </testcase>
    <testcase name="user creation page lists the tickets for the user if available" time="0.0160" classname="lists the tickets for the user if available">
    </testcase>
  </testsuite>
</testsuites>